<?xml version="1.0" encoding="utf-8"?><testsuites name="pytest tests"><testsuite name="pytest" errors="0" failures="2" skipped="0" tests="8" time="2.305" timestamp="2026-08-21T14:58:25.354484+00:00" hostname="agent-env-5e3ffafb-6b95-40b6-9b75-22a085b54921"><testcase classname="tests.test_phase4_features.TestImport" name="test_import_teams" time="0.593" /><testcase classname="tests.test_phase4_features.TestBeds" name="test_generate_beds_up_to_capacity" time="0.782" /><testcase classname="tests.test_phase4_features.TestImport" name="test_import_participants" time="0.310"><failure message="TypeError: string indices must be integers, not 'str'">backend/tests/test_phase4_features.py:179: in test_import_participants
    assert any(p["full_name"] == "Alice Test" for p in parts)
           ^^^^^^^^^^^^^^^^^^^^^^^^^^^^^^^^^^^^^^^^^^^^^^^^^^
backend/tests/test_phase4_features.py:179: in &lt;genexpr&gt;
    assert any(p["full_name"] == "Alice Test" for p in parts)
               ^^^^^^^^^^^^^^
E   TypeError: string indices must be integers, not 'str'</failure></testcase><testcase classname="tests.test_phase4_features.TestBeds" name="test_list_beds" time="0.116" /><testcase classname="tests.test_phase4_features.TestBeds" name="test_create_custom_bed_and_delete" time="0.161" /><testcase classname="tests.test_phase4_features.TestBedAssignment" name="test_assign_participant_to_bed_flow" time="0.174"><failure message="KeyError: 0">backend/tests/test_phase4_features.py:70: in test_assign_participant_to_bed_flow
    pid = parts[0]["id"]
          ^^^^^^^^
E   KeyError: 0</failure></testcase><testcase classname="tests.test_phase4_features.TestBeds" name="test_generate_creates_zero_if_full" time="0.127" /><testcase classname="tests.test_phase4_features.TestSchedule" name="test_crud_and_public_portal" time="0.453" /></testsuite></testsuites>