<?xml version="1.0" encoding="utf-8"?><testsuites name="pytest tests"><testsuite name="pytest" errors="0" failures="0" skipped="0" tests="11" time="2.647" timestamp="2026-08-21T14:19:30.197703+00:00" hostname="agent-env-5e3ffafb-6b95-40b6-9b75-22a085b54921"><testcase classname="tests.test_phase2_features.TestTeamPortal" name="test_team_detail_ok" time="0.373" /><testcase classname="tests.test_phase2_features.TestAccommodation" name="test_rooms_list" time="0.377" /><testcase classname="tests.test_phase2_features.TestTeamPortal" name="test_team_detail_404" time="0.091" /><testcase classname="tests.test_phase2_features.TestAccommodation" name="test_occupancy_matches_and_increments" time="0.867" /><testcase classname="tests.test_phase2_features.TestComments" name="test_create_list_delete" time="0.373" /><testcase classname="tests.test_phase2_features.TestComments" name="test_comment_on_missing_knowledge_404" time="0.094" /><testcase classname="tests.test_phase2_features.TestDocumentsLink" name="test_link_document_lifecycle" time="0.433" /><testcase classname="tests.test_phase2_features.TestAccommodation" name="test_assignment_missing_room_404" time="0.094" /><testcase classname="tests.test_phase2_features.TestAccommodation" name="test_assignment_requires_team_or_participant" time="0.176" /><testcase classname="tests.test_phase2_features.TestDocumentsLink" name="test_missing_file_and_url_400" time="0.081" /><testcase classname="tests.test_phase2_features.TestDocumentsUpload" name="test_file_upload_download_delete" time="0.492" /></testsuite></testsuites>