<?xml version="1.0" encoding="utf-8"?><testsuites name="pytest tests"><testsuite name="pytest" errors="0" failures="0" skipped="0" tests="12" time="1.931" timestamp="2026-08-21T15:07:04.992434+00:00" hostname="agent-env-5e3ffafb-6b95-40b6-9b75-22a085b54921"><testcase classname="tests.test_phase5_features.TestScheduleWithVenue" name="test_setup_venue" time="0.416" /><testcase classname="tests.test_phase5_features.TestVenues" name="test_list" time="0.397" /><testcase classname="tests.test_phase5_features.TestVenues" name="test_create" time="0.110" /><testcase classname="tests.test_phase5_features.TestScheduleWithVenue" name="test_create_event_with_venue" time="0.099" /><testcase classname="tests.test_phase5_features.TestVenues" name="test_update" time="0.213" /><testcase classname="tests.test_phase5_features.TestScheduleWithVenue" name="test_public_team_shows_venue" time="0.107" /><testcase classname="tests.test_phase5_features.TestScheduleWithVenue" name="test_cleanup" time="0.179" /><testcase classname="tests.test_phase5_features.TestVenues" name="test_delete" time="0.200" /><testcase classname="tests.test_phase5_features.TestExports" name="test_participants_csv" time="0.082" /><testcase classname="tests.test_phase5_features.TestExports" name="test_rooms_csv" time="0.092" /><testcase classname="tests.test_phase5_features.TestRoomMap" name="test_map_structure" time="0.141" /><testcase classname="tests.test_phase5_features.TestRoomMap" name="test_team1_in_room_001_loose" time="0.116" /></testsuite></testsuites>