<?xml version="1.0" encoding="utf-8"?><testsuites name="pytest tests"><testsuite name="pytest" errors="0" failures="0" skipped="0" tests="24" time="5.350" timestamp="2026-08-21T14:38:56.572448+00:00" hostname="agent-env-5e3ffafb-6b95-40b6-9b75-22a085b54921"><testcase classname="tests.test_phase3_features.TestTransport" name="test_create_driver" time="0.491" /><testcase classname="tests.test_phase3_features.TestAccommodationBeds" name="test_setup_participant" time="0.499" /><testcase classname="tests.test_phase3_features.TestTransport" name="test_list_drivers" time="0.102" /><testcase classname="tests.test_phase3_features.TestAccommodationBeds" name="test_find_room_with_capacity" time="0.111" /><testcase classname="tests.test_phase3_features.TestTransport" name="test_create_vehicle_invalid_driver" time="0.095" /><testcase classname="tests.test_phase3_features.TestAccommodationBeds" name="test_create_participant_assignment" time="0.170" /><testcase classname="tests.test_phase3_features.TestTransport" name="test_create_vehicle_with_driver" time="0.101" /><testcase classname="tests.test_phase3_features.TestAccommodationBeds" name="test_assignments_include_participant_name" time="0.102" /><testcase classname="tests.test_phase3_features.TestTransport" name="test_list_vehicles" time="0.143" /><testcase classname="tests.test_phase3_features.TestAccommodationBeds" name="test_duplicate_participant_same_room_409" time="0.087" /><testcase classname="tests.test_phase3_features.TestTransport" name="test_create_assignment_invalid_vehicle" time="0.103" /><testcase classname="tests.test_phase3_features.TestAccommodationBeds" name="test_duplicate_team_null_participant_409" time="0.287" /><testcase classname="tests.test_phase3_features.TestTransport" name="test_create_assignment_invalid_team" time="0.130" /><testcase classname="tests.test_phase3_features.TestTransport" name="test_create_assignment" time="0.115" /><testcase classname="tests.test_phase3_features.TestAccommodationBeds" name="test_over_capacity_409" time="2.229" /><testcase classname="tests.test_phase3_features.TestTransport" name="test_public_team_shows_transport" time="0.115" /><testcase classname="tests.test_phase3_features.TestTransport" name="test_cleanup" time="0.295" /><testcase classname="tests.test_phase3_features.TestAccommodationBeds" name="test_cleanup" time="0.206" /><testcase classname="tests.test_phase3_features.TestParticipants" name="test_list_all" time="0.103" /><testcase classname="tests.test_phase3_features.TestParticipants" name="test_list_filter_by_team" time="0.098" /><testcase classname="tests.test_phase3_features.TestParticipants" name="test_create_invalid_team" time="0.100" /><testcase classname="tests.test_phase3_features.TestParticipants" name="test_create_and_persist" time="0.195" /><testcase classname="tests.test_phase3_features.TestParticipants" name="test_update" time="0.094" /><testcase classname="tests.test_phase3_features.TestParticipants" name="test_delete" time="0.094" /></testsuite></testsuites>