<?xml version="1.0" encoding="utf-8"?><testsuites name="pytest tests"><testsuite name="pytest" errors="0" failures="0" skipped="0" tests="30" time="3.886" timestamp="2026-08-21T14:05:44.034628+00:00" hostname="agent-env-5e3ffafb-6b95-40b6-9b75-22a085b54921"><testcase classname="tests.test_cluster_nationals_api.TestStructure" name="test_list_buildings_nested" time="0.520" /><testcase classname="tests.test_cluster_nationals_api.TestTeams" name="test_list" time="0.481" /><testcase classname="tests.test_cluster_nationals_api.TestTeams" name="test_create" time="0.117" /><testcase classname="tests.test_cluster_nationals_api.TestStructure" name="test_create_building" time="0.160" /><testcase classname="tests.test_cluster_nationals_api.TestTeams" name="test_get_one" time="0.088" /><testcase classname="tests.test_cluster_nationals_api.TestStructure" name="test_create_floor" time="0.154" /><testcase classname="tests.test_cluster_nationals_api.TestTeams" name="test_update" time="0.199" /><testcase classname="tests.test_cluster_nationals_api.TestStructure" name="test_create_room" time="0.151" /><testcase classname="tests.test_cluster_nationals_api.TestTeams" name="test_delete" time="0.188" /><testcase classname="tests.test_cluster_nationals_api.TestStructure" name="test_delete_room" time="0.108" /><testcase classname="tests.test_cluster_nationals_api.TestKnowledge" name="test_meta" time="0.093" /><testcase classname="tests.test_cluster_nationals_api.TestStructure" name="test_delete_floor" time="0.095" /><testcase classname="tests.test_cluster_nationals_api.TestKnowledge" name="test_create_with_tags" time="0.095" /><testcase classname="tests.test_cluster_nationals_api.TestStructure" name="test_delete_building" time="0.097" /><testcase classname="tests.test_cluster_nationals_api.TestKnowledge" name="test_filter_by_category_status" time="0.083" /><testcase classname="tests.test_cluster_nationals_api.TestProcurement" name="test_meta" time="0.087" /><testcase classname="tests.test_cluster_nationals_api.TestKnowledge" name="test_update_tags" time="0.079" /><testcase classname="tests.test_cluster_nationals_api.TestProcurement" name="test_create" time="0.187" /><testcase classname="tests.test_cluster_nationals_api.TestKnowledge" name="test_delete" time="0.107" /><testcase classname="tests.test_cluster_nationals_api.TestAnnouncements" name="test_meta" time="0.092" /><testcase classname="tests.test_cluster_nationals_api.TestProcurement" name="test_update" time="0.145" /><testcase classname="tests.test_cluster_nationals_api.TestAnnouncements" name="test_create_published" time="0.132" /><testcase classname="tests.test_cluster_nationals_api.TestProcurement" name="test_delete" time="0.125" /><testcase classname="tests.test_cluster_nationals_api.TestAnnouncements" name="test_delete" time="0.092" /><testcase classname="tests.test_cluster_nationals_api.TestHealthDashboard" name="test_health" time="0.116" /><testcase classname="tests.test_cluster_nationals_api.TestPublic" name="test_public_teams" time="0.099" /><testcase classname="tests.test_cluster_nationals_api.TestHealthDashboard" name="test_dashboard_stats" time="0.201" /><testcase classname="tests.test_cluster_nationals_api.TestPublic" name="test_public_announcements" time="0.088" /><testcase classname="tests.test_cluster_nationals_api.TestSearch" name="test_search_mattress" time="0.107" /><testcase classname="tests.test_cluster_nationals_api.TestSearch" name="test_search_saudi" time="0.103" /></testsuite></testsuites>